Starting job 1505281 on gpu-4 on fox at Sat Apr 5 14:03:17 CEST 2025

Number of available GPUs: 4
GPU 0: NVIDIA GeForce RTX 3090
GPU 1: NVIDIA GeForce RTX 3090
GPU 2: NVIDIA GeForce RTX 3090
GPU 3: NVIDIA GeForce RTX 3090
INFO:torch.distributed.distributed_c10d:Added key: store_based_barrier_key:1 to store for rank: 0
INFO:torch.distributed.distributed_c10d:Added key: store_based_barrier_key:1 to store for rank: 1
INFO:torch.distributed.distributed_c10d:Added key: store_based_barrier_key:1 to store for rank: 2
INFO:torch.distributed.distributed_c10d:Added key: store_based_barrier_key:1 to store for rank: 3
INFO:torch.distributed.distributed_c10d:Rank 0: Completed store-based barrier for key:store_based_barrier_key:1 with 4 nodes.
INFO:torch.distributed.distributed_c10d:Rank 1: Completed store-based barrier for key:store_based_barrier_key:1 with 4 nodes.
INFO:torch.distributed.distributed_c10d:Rank 2: Completed store-based barrier for key:store_based_barrier_key:1 with 4 nodes.
INFO:torch.distributed.distributed_c10d:Rank 3: Completed store-based barrier for key:store_based_barrier_key:1 with 4 nodes.
/fp/projects01/ec232/venvs/g01env/lib/python3.10/site-packages/torchvision/transforms/v2/_deprecated.py:41: UserWarning: The transform `ToTensor()` is deprecated and will be removed in a future release. Instead, please use `transforms.Compose([transforms.ToImageTensor(), transforms.ConvertImageDtype()])`.
  warnings.warn(
/fp/projects01/ec232/venvs/g01env/lib/python3.10/site-packages/torchvision/transforms/v2/_deprecated.py:41: UserWarning: The transform `ToTensor()` is deprecated and will be removed in a future release. Instead, please use `transforms.Compose([transforms.ToImageTensor(), transforms.ConvertImageDtype()])`.
  warnings.warn(
/fp/projects01/ec232/venvs/g01env/lib/python3.10/site-packages/torchvision/transforms/v2/_deprecated.py:41: UserWarning: The transform `ToTensor()` is deprecated and will be removed in a future release. Instead, please use `transforms.Compose([transforms.ToImageTensor(), transforms.ConvertImageDtype()])`.
  warnings.warn(
/fp/projects01/ec232/venvs/g01env/lib/python3.10/site-packages/torchvision/transforms/v2/_deprecated.py:41: UserWarning: The transform `ToTensor()` is deprecated and will be removed in a future release. Instead, please use `transforms.Compose([transforms.ToImageTensor(), transforms.ConvertImageDtype()])`.
  warnings.warn(
Traceback (most recent call last):
  File "/cluster/software/EL9/easybuild/software/Python/3.10.8-GCCcore-12.2.0/lib/python3.10/runpy.py", line 196, in _run_module_as_main
    return _run_code(code, main_globals, None,
  File "/cluster/software/EL9/easybuild/software/Python/3.10.8-GCCcore-12.2.0/lib/python3.10/runpy.py", line 86, in _run_code
    exec(code, run_globals)
  File "/fp/projects01/ec232/torfor/learnableTokenizer/src/differentiableTokenizer/train.py", line 62, in <module>
    mp.spawn(main, args=(world_size, sys.argv[1:]), nprocs=world_size)
  File "/fp/projects01/ec232/venvs/g01env/lib/python3.10/site-packages/torch/multiprocessing/spawn.py", line 239, in spawn
    return start_processes(fn, args, nprocs, join, daemon, start_method='spawn')
  File "/fp/projects01/ec232/venvs/g01env/lib/python3.10/site-packages/torch/multiprocessing/spawn.py", line 197, in start_processes
    while not context.join():
  File "/fp/projects01/ec232/venvs/g01env/lib/python3.10/site-packages/torch/multiprocessing/spawn.py", line 160, in join
    raise ProcessRaisedException(msg, error_index, failed_process.pid)
torch.multiprocessing.spawn.ProcessRaisedException: 

-- Process 1 terminated with the following error:
Traceback (most recent call last):
  File "/fp/projects01/ec232/venvs/g01env/lib/python3.10/site-packages/torch/multiprocessing/spawn.py", line 69, in _wrap
    fn(i, *args)
  File "/fp/projects01/ec232/torfor/learnableTokenizer/src/differentiableTokenizer/train.py", line 45, in main
    trainer = Trainer(
  File "/fp/projects01/ec232/torfor/learnableTokenizer/src/train_utils.py", line 47, in __init__
    self.model = model.to(gpu_id)
  File "/fp/projects01/ec232/venvs/g01env/lib/python3.10/site-packages/torch/nn/modules/module.py", line 1145, in to
    return self._apply(convert)
  File "/fp/projects01/ec232/venvs/g01env/lib/python3.10/site-packages/torch/nn/modules/module.py", line 797, in _apply
    module._apply(fn)
  File "/fp/projects01/ec232/venvs/g01env/lib/python3.10/site-packages/torch/nn/modules/module.py", line 797, in _apply
    module._apply(fn)
  File "/fp/projects01/ec232/venvs/g01env/lib/python3.10/site-packages/torch/nn/modules/module.py", line 820, in _apply
    param_applied = fn(param)
  File "/fp/projects01/ec232/venvs/g01env/lib/python3.10/site-packages/torch/nn/modules/module.py", line 1143, in convert
    return t.to(device, dtype if t.is_floating_point() or t.is_complex() else None, non_blocking)
RuntimeError: CUDA error: CUDA-capable device(s) is/are busy or unavailable
CUDA kernel errors might be asynchronously reported at some other API call, so the stacktrace below might be incorrect.
For debugging consider passing CUDA_LAUNCH_BLOCKING=1.
Compile with `TORCH_USE_CUDA_DSA` to enable device-side assertions.



Job 1505281 consumed 1.0 billing hours from project ec232.

Submitted 2025-04-05T14:03:16; waited 1.0 seconds in the queue after becoming eligible to run.

Requested wallclock time: 2.0 days
Elapsed wallclock time:   58.0 seconds

Job failed.

Task and CPU statistics:
ID             CPUs  Tasks  CPU util                Start  Elapsed  Exit status
1505281           4            0.0 %  2025-04-05T14:03:17   58.0 s  1
1505281.batch     4      1    26.1 %  2025-04-05T14:03:17   58.0 s  1

Used CPU time:   1.0 CPU minutes
Unused CPU time: 2.9 CPU minutes

Memory statistics, in GiB:
ID              Alloc   Usage
1505281         100.0        
1505281.batch   100.0     0.3

Job 1505281 completed at Sat Apr 5 14:04:15 CEST 2025
