Starting job 1487908 on gpu-11 on fox at Wed Apr 2 15:35:51 CEST 2025

Number of available GPUs: 4
GPU 0: NVIDIA GeForce RTX 3090
GPU 1: NVIDIA GeForce RTX 3090
GPU 2: NVIDIA GeForce RTX 3090
GPU 3: NVIDIA GeForce RTX 3090
INFO:torch.distributed.distributed_c10d:Added key: store_based_barrier_key:1 to store for rank: 0
INFO:torch.distributed.distributed_c10d:Added key: store_based_barrier_key:1 to store for rank: 2
INFO:torch.distributed.distributed_c10d:Added key: store_based_barrier_key:1 to store for rank: 1
INFO:torch.distributed.distributed_c10d:Added key: store_based_barrier_key:1 to store for rank: 3
INFO:torch.distributed.distributed_c10d:Rank 3: Completed store-based barrier for key:store_based_barrier_key:1 with 4 nodes.
INFO:torch.distributed.distributed_c10d:Rank 2: Completed store-based barrier for key:store_based_barrier_key:1 with 4 nodes.
INFO:torch.distributed.distributed_c10d:Rank 1: Completed store-based barrier for key:store_based_barrier_key:1 with 4 nodes.
INFO:torch.distributed.distributed_c10d:Rank 0: Completed store-based barrier for key:store_based_barrier_key:1 with 4 nodes.
/fp/projects01/ec232/venvs/g01env/lib/python3.10/site-packages/torchvision/transforms/v2/_deprecated.py:41: UserWarning: The transform `ToTensor()` is deprecated and will be removed in a future release. Instead, please use `transforms.Compose([transforms.ToImageTensor(), transforms.ConvertImageDtype()])`.
  warnings.warn(
/fp/projects01/ec232/venvs/g01env/lib/python3.10/site-packages/torchvision/transforms/v2/_deprecated.py:41: UserWarning: The transform `ToTensor()` is deprecated and will be removed in a future release. Instead, please use `transforms.Compose([transforms.ToImageTensor(), transforms.ConvertImageDtype()])`.
  warnings.warn(
/fp/projects01/ec232/venvs/g01env/lib/python3.10/site-packages/torchvision/transforms/v2/_deprecated.py:41: UserWarning: The transform `ToTensor()` is deprecated and will be removed in a future release. Instead, please use `transforms.Compose([transforms.ToImageTensor(), transforms.ConvertImageDtype()])`.
  warnings.warn(
/fp/projects01/ec232/venvs/g01env/lib/python3.10/site-packages/torchvision/transforms/v2/_deprecated.py:41: UserWarning: The transform `ToTensor()` is deprecated and will be removed in a future release. Instead, please use `transforms.Compose([transforms.ToImageTensor(), transforms.ConvertImageDtype()])`.
  warnings.warn(
terminate called without an active exception
terminate called without an active exception
terminate called without an active exception
terminate called without an active exception
terminate called without an active exception
  0%|          | 0/5005 [00:00<?, ?it/s]  0%|          | 0/5005 [00:00<?, ?it/s]  0%|          | 0/5005 [00:00<?, ?it/s]  0%|          | 0/5005 [00:00<?, ?it/s]  0%|          | 0/5005 [00:25<?, ?it/s]
terminate called without an active exception
terminate called without an active exception
terminate called without an active exception
Traceback (most recent call last):
  File "/cluster/software/EL9/easybuild/software/Python/3.10.8-GCCcore-12.2.0/lib/python3.10/runpy.py", line 196, in _run_module_as_main
    return _run_code(code, main_globals, None,
  File "/cluster/software/EL9/easybuild/software/Python/3.10.8-GCCcore-12.2.0/lib/python3.10/runpy.py", line 86, in _run_code
    exec(code, run_globals)
  File "/fp/projects01/ec232/torfor/learnableTokenizer/src/differentiableTokenizer/train.py", line 62, in <module>
    mp.spawn(main, args=(world_size, sys.argv[1:]), nprocs=world_size)
  File "/fp/projects01/ec232/venvs/g01env/lib/python3.10/site-packages/torch/multiprocessing/spawn.py", line 239, in spawn
    return start_processes(fn, args, nprocs, join, daemon, start_method='spawn')
  File "/fp/projects01/ec232/venvs/g01env/lib/python3.10/site-packages/torch/multiprocessing/spawn.py", line 197, in start_processes
    while not context.join():
  File "/fp/projects01/ec232/venvs/g01env/lib/python3.10/site-packages/torch/multiprocessing/spawn.py", line 160, in join
    raise ProcessRaisedException(msg, error_index, failed_process.pid)
torch.multiprocessing.spawn.ProcessRaisedException: 

-- Process 2 terminated with the following error:
Traceback (most recent call last):
  File "/fp/projects01/ec232/venvs/g01env/lib/python3.10/site-packages/torch/multiprocessing/spawn.py", line 69, in _wrap
    fn(i, *args)
  File "/fp/projects01/ec232/torfor/learnableTokenizer/src/differentiableTokenizer/train.py", line 56, in main
    trainer.train(args.epochs)
  File "/fp/projects01/ec232/torfor/learnableTokenizer/src/train_utils.py", line 174, in train
    self._run_epoch(epoch)
  File "/fp/projects01/ec232/torfor/learnableTokenizer/src/train_utils.py", line 101, in _run_epoch
    loss, preds, segments, gradient_map = self._run_batch(source, targets, train=True)
  File "/fp/projects01/ec232/torfor/learnableTokenizer/src/train_utils.py", line 75, in _run_batch
    final_embeddings, reconstructed_img, segments, gradient_map = self.model(source)
  File "/fp/projects01/ec232/venvs/g01env/lib/python3.10/site-packages/torch/nn/modules/module.py", line 1501, in _call_impl
    return forward_call(*args, **kwargs)
  File "/fp/projects01/ec232/venvs/g01env/lib/python3.10/site-packages/torch/nn/parallel/distributed.py", line 1156, in forward
    output = self._run_ddp_forward(*inputs, **kwargs)
  File "/fp/projects01/ec232/venvs/g01env/lib/python3.10/site-packages/torch/nn/parallel/distributed.py", line 1110, in _run_ddp_forward
    return module_to_run(*inputs[0], **kwargs[0])  # type: ignore[index]
  File "/fp/projects01/ec232/venvs/g01env/lib/python3.10/site-packages/torch/nn/modules/module.py", line 1501, in _call_impl
    return forward_call(*args, **kwargs)
  File "/fp/projects01/ec232/torfor/learnableTokenizer/src/model.py", line 114, in forward
    centroid_coords, segments = self.superpixel_algorithm(img, gradient_map)
  File "/fp/projects01/ec232/venvs/g01env/lib/python3.10/site-packages/torch/nn/modules/module.py", line 1501, in _call_impl
    return forward_call(*args, **kwargs)
  File "/fp/projects01/ec232/torfor/learnableTokenizer/src/differentiableTokenizer/model.py", line 694, in forward
    x_lab = self.convert_rgb_to_lab(x)  # (B,3,H,W)
  File "/fp/projects01/ec232/venvs/g01env/lib/python3.10/site-packages/torch/nn/modules/module.py", line 1614, in __getattr__
    raise AttributeError("'{}' object has no attribute '{}'".format(
AttributeError: 'SLICSegmentation' object has no attribute 'convert_rgb_to_lab'


Job 1487908 consumed 2.1 billing hours from project ec232.

Submitted 2025-04-02T15:35:50; waited 0.0 seconds in the queue after becoming eligible to run.

Requested wallclock time: 2.0 days
Elapsed wallclock time:   2.0 minutes

Job failed.

Task and CPU statistics:
ID             CPUs  Tasks  CPU util                Start  Elapsed  Exit status
1487908           4            0.0 %  2025-04-02T15:35:50  119.0 s  1
1487908.batch     4      1   100.0 %  2025-04-02T15:35:50  119.0 s  1

Used CPU time:   7.9 CPU minutes
Unused CPU time: 0.2 CPU seconds

Memory statistics, in GiB:
ID              Alloc   Usage
1487908         100.0        
1487908.batch   100.0     7.2

Job 1487908 completed at Wed Apr 2 15:37:50 CEST 2025
