Starting job 1502351 on gpu-11 on fox at Sat Apr 5 08:30:05 CEST 2025

Number of available GPUs: 4
GPU 0: NVIDIA GeForce RTX 3090
GPU 1: NVIDIA GeForce RTX 3090
GPU 2: NVIDIA GeForce RTX 3090
GPU 3: NVIDIA GeForce RTX 3090
INFO:torch.distributed.distributed_c10d:Added key: store_based_barrier_key:1 to store for rank: 0
INFO:torch.distributed.distributed_c10d:Added key: store_based_barrier_key:1 to store for rank: 1
INFO:torch.distributed.distributed_c10d:Added key: store_based_barrier_key:1 to store for rank: 2
INFO:torch.distributed.distributed_c10d:Added key: store_based_barrier_key:1 to store for rank: 3
INFO:torch.distributed.distributed_c10d:Rank 1: Completed store-based barrier for key:store_based_barrier_key:1 with 4 nodes.
INFO:torch.distributed.distributed_c10d:Rank 2: Completed store-based barrier for key:store_based_barrier_key:1 with 4 nodes.
INFO:torch.distributed.distributed_c10d:Rank 3: Completed store-based barrier for key:store_based_barrier_key:1 with 4 nodes.
INFO:torch.distributed.distributed_c10d:Rank 0: Completed store-based barrier for key:store_based_barrier_key:1 with 4 nodes.
/fp/projects01/ec232/venvs/g01env/lib/python3.10/site-packages/torchvision/transforms/v2/_deprecated.py:41: UserWarning: The transform `ToTensor()` is deprecated and will be removed in a future release. Instead, please use `transforms.Compose([transforms.ToImageTensor(), transforms.ConvertImageDtype()])`.
  warnings.warn(
/fp/projects01/ec232/venvs/g01env/lib/python3.10/site-packages/torchvision/transforms/v2/_deprecated.py:41: UserWarning: The transform `ToTensor()` is deprecated and will be removed in a future release. Instead, please use `transforms.Compose([transforms.ToImageTensor(), transforms.ConvertImageDtype()])`.
  warnings.warn(
/fp/projects01/ec232/venvs/g01env/lib/python3.10/site-packages/torchvision/transforms/v2/_deprecated.py:41: UserWarning: The transform `ToTensor()` is deprecated and will be removed in a future release. Instead, please use `transforms.Compose([transforms.ToImageTensor(), transforms.ConvertImageDtype()])`.
  warnings.warn(
/fp/projects01/ec232/venvs/g01env/lib/python3.10/site-packages/torchvision/transforms/v2/_deprecated.py:41: UserWarning: The transform `ToTensor()` is deprecated and will be removed in a future release. Instead, please use `transforms.Compose([transforms.ToImageTensor(), transforms.ConvertImageDtype()])`.
  warnings.warn(
terminate called without an active exception
  0%|          | 0/40037 [00:00<?, ?it/s]  0%|          | 0/40037 [00:00<?, ?it/s]  0%|          | 0/40037 [00:00<?, ?it/s]  0%|          | 0/40037 [00:00<?, ?it/s]  0%|          | 0/40037 [00:16<?, ?it/s]
  0%|          | 0/40037 [00:24<?, ?it/s]
Traceback (most recent call last):
  File "/cluster/software/EL9/easybuild/software/Python/3.10.8-GCCcore-12.2.0/lib/python3.10/runpy.py", line 196, in _run_module_as_main
    return _run_code(code, main_globals, None,
  File "/cluster/software/EL9/easybuild/software/Python/3.10.8-GCCcore-12.2.0/lib/python3.10/runpy.py", line 86, in _run_code
    exec(code, run_globals)
  File "/fp/projects01/ec232/torfor/learnableTokenizer/src/differentiableTokenizer/train.py", line 62, in <module>
    mp.spawn(main, args=(world_size, sys.argv[1:]), nprocs=world_size)
  File "/fp/projects01/ec232/venvs/g01env/lib/python3.10/site-packages/torch/multiprocessing/spawn.py", line 239, in spawn
    return start_processes(fn, args, nprocs, join, daemon, start_method='spawn')
  File "/fp/projects01/ec232/venvs/g01env/lib/python3.10/site-packages/torch/multiprocessing/spawn.py", line 197, in start_processes
    while not context.join():
  File "/fp/projects01/ec232/venvs/g01env/lib/python3.10/site-packages/torch/multiprocessing/spawn.py", line 160, in join
    raise ProcessRaisedException(msg, error_index, failed_process.pid)
torch.multiprocessing.spawn.ProcessRaisedException: 

-- Process 0 terminated with the following error:
Traceback (most recent call last):
  File "/fp/projects01/ec232/venvs/g01env/lib/python3.10/site-packages/torch/multiprocessing/spawn.py", line 69, in _wrap
    fn(i, *args)
  File "/fp/projects01/ec232/torfor/learnableTokenizer/src/differentiableTokenizer/train.py", line 56, in main
    trainer.train(args.epochs)
  File "/fp/projects01/ec232/torfor/learnableTokenizer/src/train_utils.py", line 174, in train
    self._run_epoch(epoch)
  File "/fp/projects01/ec232/torfor/learnableTokenizer/src/train_utils.py", line 101, in _run_epoch
    loss, preds, segments, gradient_map = self._run_batch(source, targets, train=True)
  File "/fp/projects01/ec232/torfor/learnableTokenizer/src/train_utils.py", line 75, in _run_batch
    final_embeddings, reconstructed_img, segments, gradient_map = self.model(source)
  File "/fp/projects01/ec232/venvs/g01env/lib/python3.10/site-packages/torch/nn/modules/module.py", line 1501, in _call_impl
    return forward_call(*args, **kwargs)
  File "/fp/projects01/ec232/venvs/g01env/lib/python3.10/site-packages/torch/nn/parallel/distributed.py", line 1156, in forward
    output = self._run_ddp_forward(*inputs, **kwargs)
  File "/fp/projects01/ec232/venvs/g01env/lib/python3.10/site-packages/torch/nn/parallel/distributed.py", line 1110, in _run_ddp_forward
    return module_to_run(*inputs[0], **kwargs[0])  # type: ignore[index]
  File "/fp/projects01/ec232/venvs/g01env/lib/python3.10/site-packages/torch/nn/modules/module.py", line 1501, in _call_impl
    return forward_call(*args, **kwargs)
  File "/fp/projects01/ec232/torfor/learnableTokenizer/src/model.py", line 114, in forward
    centroid_coords, segments = self.superpixel_algorithm(img, gradient_map)
  File "/fp/projects01/ec232/venvs/g01env/lib/python3.10/site-packages/torch/nn/modules/module.py", line 1501, in _call_impl
    return forward_call(*args, **kwargs)
  File "/fp/projects01/ec232/torfor/learnableTokenizer/src/differentiableTokenizer/model.py", line 1020, in forward
    mask = self.SLIC_vectorized(centroids, x_lab, max_iter=20, m=10.0,
  File "/fp/projects01/ec232/torfor/learnableTokenizer/src/differentiableTokenizer/model.py", line 928, in SLIC_vectorized
    color_dist_sq = (x_exp - ccol_chunk_exp).pow(2).sum(dim=2)
torch.cuda.OutOfMemoryError: CUDA out of memory. Tried to allocate 230.00 MiB (GPU 0; 23.57 GiB total capacity; 12.79 GiB already allocated; 209.69 MiB free; 17.94 GiB reserved in total by PyTorch) If reserved memory is >> allocated memory try setting max_split_size_mb to avoid fragmentation.  See documentation for Memory Management and PYTORCH_CUDA_ALLOC_CONF

/cluster/software/EL9/easybuild/software/Python/3.10.8-GCCcore-12.2.0/lib/python3.10/multiprocessing/resource_tracker.py:224: UserWarning: resource_tracker: There appear to be 42 leaked semaphore objects to clean up at shutdown
  warnings.warn('resource_tracker: There appear to be %d '

Job 1502351 consumed 1.4 billing hours from project ec232.

Submitted 2025-04-05T08:30:04; waited 1.0 seconds in the queue after becoming eligible to run.

Requested wallclock time: 2.0 days
Elapsed wallclock time:   1.3 minutes

Job failed.

Task and CPU statistics:
ID             CPUs  Tasks  CPU util                Start  Elapsed  Exit status
1502351           4            0.0 %  2025-04-05T08:30:05   77.0 s  1
1502351.batch     4      1   109.4 %  2025-04-05T08:30:05   77.0 s  1

Used CPU time:   5.6 CPU minutes
Unused CPU time: 0.0 CPU seconds

Memory statistics, in GiB:
ID              Alloc   Usage
1502351         100.0        
1502351.batch   100.0     6.3

Job 1502351 completed at Sat Apr 5 08:31:23 CEST 2025
