Starting job 1390155 on gpu-6 on fox at Thu Mar 13 10:00:52 CET 2025

Number of available GPUs: 4
GPU 0: NVIDIA GeForce RTX 3090
GPU 1: NVIDIA GeForce RTX 3090
GPU 2: NVIDIA GeForce RTX 3090
GPU 3: NVIDIA GeForce RTX 3090
/fp/projects01/ec232/venvs/g01env/lib/python3.10/site-packages/torchvision/transforms/v2/_deprecated.py:41: UserWarning: The transform `ToTensor()` is deprecated and will be removed in a future release. Instead, please use `transforms.Compose([transforms.ToImageTensor(), transforms.ConvertImageDtype()])`.
  warnings.warn(
/fp/projects01/ec232/venvs/g01env/lib/python3.10/site-packages/torchvision/transforms/v2/_deprecated.py:41: UserWarning: The transform `ToTensor()` is deprecated and will be removed in a future release. Instead, please use `transforms.Compose([transforms.ToImageTensor(), transforms.ConvertImageDtype()])`.
  warnings.warn(
/fp/projects01/ec232/venvs/g01env/lib/python3.10/site-packages/torchvision/transforms/v2/_deprecated.py:41: UserWarning: The transform `ToTensor()` is deprecated and will be removed in a future release. Instead, please use `transforms.Compose([transforms.ToImageTensor(), transforms.ConvertImageDtype()])`.
  warnings.warn(
/fp/projects01/ec232/venvs/g01env/lib/python3.10/site-packages/torchvision/transforms/v2/_deprecated.py:41: UserWarning: The transform `ToTensor()` is deprecated and will be removed in a future release. Instead, please use `transforms.Compose([transforms.ToImageTensor(), transforms.ConvertImageDtype()])`.
  warnings.warn(
Traceback (most recent call last):
  File "/cluster/software/EL9/easybuild/software/Python/3.10.8-GCCcore-12.2.0/lib/python3.10/runpy.py", line 196, in _run_module_as_main
    return _run_code(code, main_globals, None,
  File "/cluster/software/EL9/easybuild/software/Python/3.10.8-GCCcore-12.2.0/lib/python3.10/runpy.py", line 86, in _run_code
    exec(code, run_globals)
  File "/fp/projects01/ec232/torfor/learnableTokenizer/src/differentiableTokenizer/train.py", line 62, in <module>
    mp.spawn(main, args=(world_size, sys.argv[1:]), nprocs=world_size)
  File "/fp/projects01/ec232/venvs/g01env/lib/python3.10/site-packages/torch/multiprocessing/spawn.py", line 239, in spawn
    return start_processes(fn, args, nprocs, join, daemon, start_method='spawn')
  File "/fp/projects01/ec232/venvs/g01env/lib/python3.10/site-packages/torch/multiprocessing/spawn.py", line 197, in start_processes
    while not context.join():
  File "/fp/projects01/ec232/venvs/g01env/lib/python3.10/site-packages/torch/multiprocessing/spawn.py", line 160, in join
    raise ProcessRaisedException(msg, error_index, failed_process.pid)
torch.multiprocessing.spawn.ProcessRaisedException: 

-- Process 1 terminated with the following error:
Traceback (most recent call last):
  File "/fp/projects01/ec232/venvs/g01env/lib/python3.10/site-packages/torch/multiprocessing/spawn.py", line 69, in _wrap
    fn(i, *args)
  File "/fp/projects01/ec232/torfor/learnableTokenizer/src/differentiableTokenizer/train.py", line 38, in main
    train_dataset, val_dataset = prepare_datasets(args)
  File "/fp/projects01/ec232/torfor/learnableTokenizer/src/train_utils.py", line 232, in prepare_datasets
    train_dataset = quixdata.QuixDataset(
  File "/fp/projects01/ec232/venvs/g01env/lib/python3.10/site-packages/quixdata/dataset.py", line 266, in __init__
    assert os.path.isdir(self.root)
AssertionError


Job 1390155 consumed 0.6 billing hours from project ec232.

Submitted 2025-03-12T21:34:11; waited 12.4 hours in the queue after becoming eligible to run.

Requested wallclock time: 2.0 days
Elapsed wallclock time:   33.0 seconds

Job failed.

Task and CPU statistics:
ID             CPUs  Tasks  CPU util                Start  Elapsed  Exit status
1390155           4            0.0 %  2025-03-13T10:00:51   33.0 s  1
1390155.batch     4      1    22.5 %  2025-03-13T10:00:51   33.0 s  1

Used CPU time:   29.7 CPU seconds
Unused CPU time: 1.7 CPU minutes

Memory statistics, in GiB:
ID              Alloc   Usage
1390155         100.0        
1390155.batch   100.0     3.8

Job 1390155 completed at Thu Mar 13 10:01:24 CET 2025
